A:103
Admodum:93
Aenean:301
Atirei:78
Casamentiss:104
Cevadis:93
Copo:96
Delegadis:108
Detraxit:101
Diuretics:122
Em:110
Forevis:102
In:86
Interagi:92
Interessantiss:104
Ipsum:1
Leite:112
Mais:108
Manduma:118
Mauris:217
Mussum:1
Mé:95
Nam:109
Nec:108
Nullam:184
Não:121
Paisis:90
Per:107
Posuere:92
Pra:45
Praesent:324
Quem:329
Sapien:96
Sed:200
Si:185
Suco:214
Todo:115
Toma:83
Tá:111
Ut:45
Vehicula:45
Vide:93
Viva:102
Vivamus:45
a:92
abertis:1
ac:92
accumsan:93
ad:102
aguis:115
alcoolatra:108
alegrar:111
aliquam:209
aliquet:107
altera:103
amet:137
amistosis:86
ampola:93
anonimis:108
ante:92
aptent:102
arcu:204
arma:93
as:99
augue:108
aumento:107
aí:102
bebadis:204
bibendum:108
blandit:92
boa:121
bolis:208
bota:102
cabeça:112
cachacis:218
cacilds:1
cair:110
capivaris:112
caçá:92
ce:104
cevadiss:214
cochilar:110
commodo:202
conhecidiss:108
conheço:111
consectetur:108
consequat:301
copo:122
cumpadi:223
cursus:92
dapibus:109
de:867
deitado:110
deixa:99
denguis:122
depois:45
deprimidis:111
di:213
dia:118
diam:92
disculpa:96
disputationi:93
divinis:115
divoltis:45
dolor:110
dormir:110
dos:103
duris:103
e:225
egestas:108
eget:107
electram:93
elementis:86
elementum:95
então:102
erat:109
eros:250
espiritis:90
est:108
et:194
eu:645
euismod:96
euzis:116
ex:45
faixa:121
faiz:199
fazendo:110
felis:108
fermentis:115
filhis:90
finis:108
furadis:96
gatis:156
gente:108
gentis:121
girarzis:178
gosta:213
gostis:104
hendrerit:201
i:96
iaculis:209
im:93
in:206
inteiris:242
interdum:137
interessantis:99
ipsum:108
lacinia:108
laoreet:92
latim:96
leite:329
leo:387
levo:115
libero:92
litora:102
litro:1
lupuliz:115
lá:45
magna:96
mais:203
malandris:104
malesuada:109
manda:116
manquis:112
mas:115
matis:115
mim:92
minha:116
molestie:209
monti:96
morreus:78
motivis:122
muito:83
mula:112
mundo:281
mé:382
na:116
nada:101
nadis:96
nec:202
nibh:45
ninguém:115
nisi:495
nisl:301
no:170
nois:118
non:506
num:937
nunc:107
não:103
o:264
odio:92
orci:108
ordem:103
ornare:108
os:230
pa:93
paga:118
palavris:96
paradis:250
pareci:96
pau:78
per:171
pessoas:99
pindureta:211
pinga:102
pirulitá:104
pode:111
porris:160
pose:110
pra:86
preta:121
preto:121
pudia:104
pão:103
pé:110
quam:96
que:624
quem:86
qui:211
quis:287
quisso:104
quium:118
quo:101
receita:104
reclamis:107
risus:92
sadipscing:93
santis:90
scelerisque:107
se:104
sed:45
sem:442
sentado:110
significa:96
sit:230
sociosqu:102
sou:358
sua:203
taciti:102
tellus:45
tem:217
tempor:110
tendi:101
terra:116
tombis:115
tomo:115
torquent:102
tratores:103
tristique:45
turmis:92
turpis:107
tá:83
u:83
ultrices:108
um:414
uma:306
urna:109
ut:292
vai:175
vale:108
varius:92
vehicula:92
vel:107
vermeio:95
vidis:112
vitae:209
viverra:107
volutpat:201
vulputate:109
vê:230
é:540
